[login.microsoftonline.com/common/oauth2/authorizef3ef.html]
[backblue.gif]
[fade.gif]
[index.html]
[aadcdn.msauth.net/shared/1.0/content/js/OldConvergedLogin_PCore_d7zWk06djGrfNYjCgW-mUQ2.js]
[login.microsoftonline.com/common/oauth2/authorizef3ef.html]
[login.microsoftonline.com/common/oauth2/Trident/index.html]
[login.microsoftonline.com/common/oauth2/POST.html]
[aadcdn.msauth.net/shared/1.0/content/js/OldConvergedLogin_PCore_d7zWk06djGrfNYjCgW-mUQ2.js]
[login.microsoftonline.com/common/oauth2/GET.html]
[login.microsoftonline.com/common/oauth2/{0}.html]
[login.microsoftonline.com/common/oauth2/Edge/index.html]
[login.microsoftonline.com/common/oauth2/signin-facebook.html]
[login.microsoftonline.com/common/oauth2/{0}-2.html]
[login.microsoftonline.com/common/oauth2/{0}-small.html]
[login.microsoftonline.com/common/oauth2/{0}-3.html]
[login.microsoftonline.com/common/oauth2/msLaunchUri.success.html]
[login.microsoftonline.com/common/oauth2/msLaunchUri.failure.html]
[login.microsoftonline.com/common/oauth2/TB.response.timeout.html]
[login.microsoftonline.com/common/oauth2/authenticatorinfo.html]
[login.microsoftonline.com/common/oauth2/cred_option_facebook.html]
[login.microsoftonline.com/common/oauth2/ABCDEFGHIJKLMNOPQRSTUVWXYZabcdefghijklmnopqrstuvwxyz0123456789+/index.html]
